-encoding
UTF-8
-outxml
-source
1.6
-target
1.6
-classpath
C:\Users\agaidai\.m2\repository\antlr\antlr\2.7.7\antlr-2.7.7.jar;C:\Users\agaidai\.m2\repository\aopalliance\aopalliance\1.0\aopalliance-1.0.jar;C:\Users\agaidai\.m2\repository\cglib\cglib-nodep\2.2.2\cglib-nodep-2.2.2.jar;C:\Users\agaidai\.m2\repository\commons-beanutils\commons-beanutils\1.8.0\commons-beanutils-1.8.0.jar;C:\Users\agaidai\.m2\repository\commons-codec\commons-codec\1.4\commons-codec-1.4.jar;C:\Users\agaidai\.m2\repository\commons-dbcp\commons-dbcp\1.3\commons-dbcp-1.3.jar;C:\Users\agaidai\.m2\repository\commons-digester\commons-digester\2.0\commons-digester-2.0.jar;C:\Users\agaidai\.m2\repository\commons-fileupload\commons-fileupload\1.2.2\commons-fileupload-1.2.2.jar;C:\Users\agaidai\.m2\repository\commons-io\commons-io\2.1\commons-io-2.1.jar;C:\Users\agaidai\.m2\repository\commons-lang\commons-lang\2.5\commons-lang-2.5.jar;C:\Users\agaidai\.m2\repository\commons-logging\commons-logging\1.1.1\commons-logging-1.1.1.jar;C:\Users\agaidai\.m2\repository\commons-pool\commons-pool\1.5.4\commons-pool-1.5.4.jar;C:\Users\agaidai\.m2\repository\dom4j\dom4j\1.6.1\dom4j-1.6.1.jar;C:\Users\agaidai\.m2\repository\javax\el\el-api\1.0\el-api-1.0.jar;C:\Users\agaidai\.m2\repository\javax\servlet\servlet-api\2.5\servlet-api-2.5.jar;C:\Users\agaidai\.m2\repository\javax\servlet\jsp\jsp-api\2.1\jsp-api-2.1.jar;C:\Users\agaidai\.m2\repository\javax\servlet\jsp\jstl\jstl-api\1.2\jstl-api-1.2.jar;C:\Users\agaidai\.m2\repository\javax\transaction\jta\1.1\jta-1.1.jar;C:\Users\agaidai\.m2\repository\javax\validation\validation-api\1.0.0.GA\validation-api-1.0.0.GA.jar;C:\Users\agaidai\.m2\repository\joda-time\joda-time\1.6\joda-time-1.6.jar;C:\Users\agaidai\.m2\repository\junit\junit\4.8.1\junit-4.8.1.jar;C:\Users\agaidai\.m2\repository\log4j\log4j\1.2.16\log4j-1.2.16.jar;C:\Users\agaidai\.m2\repository\net\sf\flexjson\flexjson\2.1\flexjson-2.1.jar;C:\Users\agaidai\.m2\repository\org\apache\commons\commons-lang3\3.0.1\commons-lang3-3.0.1.jar;C:\Users\agaidai\.m2\repository\org\apache\tiles\tiles-api\2.2.1\tiles-api-2.2.1.jar;C:\Users\agaidai\.m2\repository\org\apache\tiles\tiles-core\2.2.1\tiles-core-2.2.1.jar;C:\Users\agaidai\.m2\repository\org\apache\tiles\tiles-jsp\2.2.1\tiles-jsp-2.2.1.jar;C:\Users\agaidai\.m2\repository\org\apache\tiles\tiles-servlet\2.2.1\tiles-servlet-2.2.1.jar;C:\Users\agaidai\.m2\repository\org\apache\tiles\tiles-template\2.2.1\tiles-template-2.2.1.jar;C:\Users\agaidai\.m2\repository\org\aspectj\aspectjrt\1.6.12.M2\aspectjrt-1.6.12.M2.jar;C:\Users\agaidai\.m2\repository\org\aspectj\aspectjweaver\1.6.12.M2\aspectjweaver-1.6.12.M2.jar;C:\Users\agaidai\.m2\repository\org\glassfish\web\jstl-impl\1.2\jstl-impl-1.2.jar;C:\Users\agaidai\.m2\repository\org\hibernate\hibernate-core\4.1.2.Final\hibernate-core-4.1.2.Final.jar;C:\Users\agaidai\.m2\repository\org\hibernate\hibernate-entitymanager\4.1.2.Final\hibernate-entitymanager-4.1.2.Final.jar;C:\Users\agaidai\.m2\repository\org\hibernate\hibernate-validator\4.2.0.Final\hibernate-validator-4.2.0.Final.jar;C:\Users\agaidai\.m2\repository\org\hibernate\common\hibernate-commons-annotations\4.0.1.Final\hibernate-commons-annotations-4.0.1.Final.jar;C:\Users\agaidai\.m2\repository\org\hibernate\javax\persistence\hibernate-jpa-2.0-api\1.0.1.Final\hibernate-jpa-2.0-api-1.0.1.Final.jar;C:\Users\agaidai\.m2\repository\org\javassist\javassist\3.15.0-GA\javassist-3.15.0-GA.jar;C:\Users\agaidai\.m2\repository\org\jboss\logging\jboss-logging\3.1.0.GA\jboss-logging-3.1.0.GA.jar;C:\Users\agaidai\.m2\repository\org\jboss\spec\javax\transaction\jboss-transaction-api_1.1_spec\1.0.0.Final\jboss-transaction-api_1.1_spec-1.0.0.Final.jar;C:\Users\agaidai\.m2\repository\org\jdom\jdom\1.1.3\jdom-1.1.3.jar;C:\Users\agaidai\.m2\repository\org\slf4j\jcl-over-slf4j\1.6.2\jcl-over-slf4j-1.6.2.jar;C:\Users\agaidai\.m2\repository\org\slf4j\slf4j-api\1.6.2\slf4j-api-1.6.2.jar;C:\Users\agaidai\.m2\repository\org\slf4j\slf4j-log4j12\1.6.2\slf4j-log4j12-1.6.2.jar;C:\Users\agaidai\.m2\repository\org\springframework\spring-aop\3.1.0.RELEASE\spring-aop-3.1.0.RELEASE.jar;C:\Users\agaidai\.m2\repository\org\springframework\spring-asm\3.1.0.RELEASE\spring-asm-3.1.0.RELEASE.jar;C:\Users\agaidai\.m2\repository\org\springframework\spring-aspects\3.1.0.RELEASE\spring-aspects-3.1.0.RELEASE.jar;C:\Users\agaidai\.m2\repository\org\springframework\spring-beans\3.1.0.RELEASE\spring-beans-3.1.0.RELEASE.jar;C:\Users\agaidai\.m2\repository\org\springframework\spring-context\3.1.0.RELEASE\spring-context-3.1.0.RELEASE.jar;C:\Users\agaidai\.m2\repository\org\springframework\spring-context-support\3.1.0.RELEASE\spring-context-support-3.1.0.RELEASE.jar;C:\Users\agaidai\.m2\repository\org\springframework\spring-core\3.1.0.RELEASE\spring-core-3.1.0.RELEASE.jar;C:\Users\agaidai\.m2\repository\org\springframework\spring-expression\3.1.0.RELEASE\spring-expression-3.1.0.RELEASE.jar;C:\Users\agaidai\.m2\repository\org\springframework\spring-jdbc\3.1.0.RELEASE\spring-jdbc-3.1.0.RELEASE.jar;C:\Users\agaidai\.m2\repository\org\springframework\spring-orm\3.1.0.RELEASE\spring-orm-3.1.0.RELEASE.jar;C:\Users\agaidai\.m2\repository\org\springframework\spring-oxm\3.1.0.RELEASE\spring-oxm-3.1.0.RELEASE.jar;C:\Users\agaidai\.m2\repository\org\springframework\spring-test\3.1.0.RELEASE\spring-test-3.1.0.RELEASE.jar;C:\Users\agaidai\.m2\repository\org\springframework\spring-tx\3.1.0.RELEASE\spring-tx-3.1.0.RELEASE.jar;C:\Users\agaidai\.m2\repository\org\springframework\spring-web\3.1.0.RELEASE\spring-web-3.1.0.RELEASE.jar;C:\Users\agaidai\.m2\repository\org\springframework\spring-webmvc\3.1.0.RELEASE\spring-webmvc-3.1.0.RELEASE.jar;C:\Users\agaidai\.m2\repository\org\springframework\roo\org.springframework.roo.annotations\1.2.0.RC1\org.springframework.roo.annotations-1.2.0.RC1.jar;C:\Users\agaidai\.m2\repository\org\springframework\webflow\spring-js-resources\2.2.1.RELEASE\spring-js-resources-2.2.1.RELEASE.jar;C:\Users\agaidai\.m2\repository\org\springframework\ws\spring-ws\1.5.2\spring-ws-1.5.2.jar;C:\Users\agaidai\.m2\repository\org\springframework\ws\spring-ws-core\2.0.4.RELEASE\spring-ws-core-2.0.4.RELEASE.jar;C:\Users\agaidai\.m2\repository\org\springframework\ws\spring-xml\2.0.4.RELEASE\spring-xml-2.0.4.RELEASE.jar;C:\Users\agaidai\.m2\repository\postgresql\postgresql\9.1-901.jdbc4\postgresql-9.1-901.jdbc4.jar;C:\Users\agaidai\.m2\repository\wsdl4j\wsdl4j\1.6.1\wsdl4j-1.6.1.jar;C:\!projects\oracle\target\classes
-aspectpath
C:\Users\agaidai\.m2\repository\org\springframework\spring-aspects\3.1.0.RELEASE\spring-aspects-3.1.0.RELEASE.jar
-d
C:\!projects\oracle\target\classes
C:\!projects\oracle\src\main\java\com\orcl\dao\ProductsDao.java
C:\!projects\oracle\src\main\java\com\orcl\entity\User.java
C:\!projects\oracle\src\main\java\com\orcl\entity\Variant.java
C:\!projects\oracle\src\main\java\com\orcl\editors\CustomRegistrar.java
C:\!projects\oracle\src\main\java\com\orcl\entity\Property.java
C:\!projects\oracle\src\main\java\com\orcl\logic\Pear.java
C:\!projects\oracle\src\main\java\com\orcl\webservice\MyEndpoint.java
C:\!projects\oracle\src\main\java\com\orcl\view\TextEntry.java
C:\!projects\oracle\src\main\java\com\orcl\logic\Apple.java
C:\!projects\oracle\src\main\java\com\orcl\controller\ProductsController.java
C:\!projects\oracle\src\main\java\com\orcl\logic\Orange.java
C:\!projects\oracle\src\main\java\com\orcl\test\BasicSetupTest.java
C:\!projects\oracle\src\main\java\com\orcl\entity\Type.java
C:\!projects\oracle\src\main\java\com\orcl\entity\Product.java
C:\!projects\oracle\src\main\java\com\orcl\entity\Text.java
C:\!projects\oracle\src\main\java\com\orcl\logic\Garden.java
